============================================================
  Generated by:           Genus(TM) Synthesis Solution 17.11-s014_1
  Generated on:           Nov 06 2019  12:12:01 pm
  Module:                 keccak
  Operating conditions:   typical 
  Interconnect mode:      global
  Area mode:              physical library
============================================================


Path 1: MET (33 ps) Setup Check with Pin f_permutation_/out_reg[1132]/CK->D
          Group: CLK
     Startpoint: (R) f_permutation_/calc_reg/CK
          Clock: (R) CLK
       Endpoint: (F) f_permutation_/out_reg[1132]/D
          Clock: (R) CLK

                     Capture       Launch     
        Clock Edge:+    4000            0     
       Src Latency:+       0            0     
       Net Latency:+       0 (I)        0 (I) 
           Arrival:=    4000            0     
                                              
             Setup:-     436                  
       Uncertainty:-       5                  
     Required Time:=    3559                  
      Launch Clock:-       0                  
         Data Path:-    3526                  
             Slack:=      33                  

#-----------------------------------------------------------------------------------------------------------------
#              Timing Point               Flags     Arc    Edge      Cell        Fanout  Load Trans Delay Arrival 
#                                                                                        (fF)  (ps)  (ps)   (ps)  
#-----------------------------------------------------------------------------------------------------------------
  f_permutation_/calc_reg/CK              -       -        R     (arrival)         2212     -     0     -       0 
  f_permutation_/calc_reg/Q               -       CK->Q    R     DFFDRBSP4V1_1        3  12.5   130   252     252 
  f_permutation_/g7334/OUT                -       IN->OUT  F     INVSP4V1_0           1  11.4    61    48     300 
  f_permutation_/g23130/OUT               -       IN2->OUT R     NAND2SP14V1_0        2  21.9   121    80     380 
  f_permutation_/g22972/OUT               -       IN->OUT  R     BUFSP48V1_0          4 102.8    83   105     485 
  f_permutation_/g22971/OUT               -       IN->OUT  R     BUFSP48V1_0          6 119.6    91   100     584 
  f_permutation_/g22963/OUT               -       IN->OUT  F     INVCKSP32V1_0        5  57.6    54    48     632 
  f_permutation_/g21564/OUT               -       IN1->OUT R     NAND2SP6V1_0         1  11.4   148    76     708 
  f_permutation_/g20988/OUT               -       IN2->OUT F     NAND2SP14V1_0        3  25.6    90    72     780 
  f_permutation_/round_/g224117/OUT       -       IN->OUT  R     INVSP6V1_0           2  18.7   120    80     859 
  f_permutation_/round_/g222210/OUT       -       IN2->OUT F     NAND2SP14V1_0        2  18.6    74    61     920 
  f_permutation_/round_/g220614/OUT       -       IN3->OUT R     NAND3SP8V1_0         2  17.1   169   111    1031 
  f_permutation_/round_/g220020/OUT       -       IN2->OUT F     NAND2SP14V1_0        1  11.4    64    64    1095 
  f_permutation_/round_/g219835/OUT       -       IN2->OUT R     NAND2SP14V1_0        1  19.1   114    77    1172 
  f_permutation_/round_/g218843/OUT       -       IN1->OUT F     NAND2SP28V1_0       11  62.0   108    70    1242 
  f_permutation_/round_/g217013/OUT       -       S->OUT   F     MUX2ISP4V1_0         2  12.1   107   193    1434 
  f_permutation_/round_/g216712/OUT       -       IN->OUT  R     INVSP4V1_0           1   6.9    89    67    1502 
  f_permutation_/round_/g216289/OUT       -       IN2->OUT F     NAND2SP6V1_0         1  11.4    97    64    1566 
  f_permutation_/round_/g214265/OUT       -       IN2->OUT R     NAND2SP14V1_0        3  17.2   114    84    1650 
  f_permutation_/round_/g211649/OUT       -       IN1->OUT F     NAND2SP6V1_0         1   5.5    69    53    1704 
  f_permutation_/round_/g208156/OUT       -       S->OUT   R     MUX2ISP2V1_0         1   5.6   109   181    1884 
  f_permutation_/round_/g207722/OUT       -       S->OUT   F     MUX2ISP2V1_0         2   9.3   114   146    2030 
  f_permutation_/round_/g205993/OUT       -       S->OUT   R     MUX2ISP8V1_0         2  13.6    96   217    2246 
  f_permutation_/round_/g205833/OUT       -       IN->OUT  F     INVCKSP4V1_0         1   8.6    60    53    2299 
  f_permutation_/round_/g205827/OUT       -       IN2->OUT R     NAND2SP9V1_0         1  11.4   113    76    2375 
  f_permutation_/round_/g205033/OUT       -       IN2->OUT F     NAND2SP14V1_0        2  13.2    75    55    2430 
  f_permutation_/round_/g204873/OUT       -       IN->OUT  R     INVCKSP4V1_0         1   8.6    61    45    2475 
  f_permutation_/round_/g204546/OUT       -       IN2->OUT F     NAND2SP9V1_0         1  19.1    91    60    2535 
  f_permutation_/round_/g204538/OUT       -       IN2->OUT R     NAND2SP28V1_0       11  93.6   190   107    2642 
  f_permutation_/round_/g203752/OUT       -       IN->OUT  F     INVCKSP8V1_0        10  65.2   138   118    2760 
  f_permutation_/round_/g201021/OUT       -       A->OUT   R     MUX2ISP2V1_0         1   5.6   109   124    2883 
  f_permutation_/round_/g199123/OUT       -       S->OUT   F     MUX2ISP2V1_0         3  10.2    99   149    3032 
  f_permutation_/round_/g227144/OUT       -       IN1->OUT F     OR2SP2V1_0           1   5.8    97   262    3293 
  f_permutation_/round_/g197485__8757/OUT -       IN2->OUT F     XOR2SP2V1_0          1   8.6   143   233    3526 
  f_permutation_/out_reg[1132]/D          <<<     -        F     DFFDRBLDSP2V1_0      1     -     -     0    3526 
#-----------------------------------------------------------------------------------------------------------------

